<?xml version="1.0" encoding="UTF-8"?>
<testsuite name="ru.bmstu.iu7.topmovies.backend.TopMoviesBackendApplicationTests" tests="1" skipped="0" failures="0" errors="0" timestamp="2019-03-10T15:14:34" hostname="DESKTOP-8NTSQLQ" time="0.001">
  <properties/>
  <testcase name="contextLoads" classname="ru.bmstu.iu7.topmovies.backend.TopMoviesBackendApplicationTests" time="0.001"/>
  <system-out><![CDATA[2019-03-10 18:14:31.212  INFO 8276 --- [    Test worker] .b.t.c.SpringBootTestContextBootstrapper : Neither @ContextConfiguration nor @ContextHierarchy found for test class [ru.bmstu.iu7.topmovies.backend.TopMoviesBackendApplicationTests], using SpringBootContextLoader
2019-03-10 18:14:31.213  INFO 8276 --- [    Test worker] o.s.t.c.support.AbstractContextLoader    : Could not detect default resource locations for test class [ru.bmstu.iu7.topmovies.backend.TopMoviesBackendApplicationTests]: no resource found for suffixes {-context.xml, Context.groovy}.
2019-03-10 18:14:31.213  INFO 8276 --- [    Test worker] t.c.s.AnnotationConfigContextLoaderUtils : Could not detect default configuration classes for test class [ru.bmstu.iu7.topmovies.backend.TopMoviesBackendApplicationTests]: TopMoviesBackendApplicationTests does not declare any static, non-private, non-final, nested classes annotated with @Configuration.
2019-03-10 18:14:31.217  INFO 8276 --- [    Test worker] .b.t.c.SpringBootTestContextBootstrapper : Found @SpringBootConfiguration ru.bmstu.iu7.topmovies.backend.TopMoviesBackendApplication for test class ru.bmstu.iu7.topmovies.backend.TopMoviesBackendApplicationTests
2019-03-10 18:14:31.219  INFO 8276 --- [    Test worker] .b.t.c.SpringBootTestContextBootstrapper : Loaded default TestExecutionListener class names from location [META-INF/spring.factories]: [org.springframework.boot.test.autoconfigure.restdocs.RestDocsTestExecutionListener, org.springframework.boot.test.autoconfigure.web.client.MockRestServiceServerResetTestExecutionListener, org.springframework.boot.test.autoconfigure.web.servlet.MockMvcPrintOnlyOnFailureTestExecutionListener, org.springframework.boot.test.autoconfigure.web.servlet.WebDriverTestExecutionListener, org.springframework.boot.test.mock.mockito.MockitoTestExecutionListener, org.springframework.boot.test.mock.mockito.ResetMocksTestExecutionListener, org.springframework.test.context.web.ServletTestExecutionListener, org.springframework.test.context.support.DirtiesContextBeforeModesTestExecutionListener, org.springframework.test.context.support.DependencyInjectionTestExecutionListener, org.springframework.test.context.support.DirtiesContextTestExecutionListener, org.springframework.test.context.transaction.TransactionalTestExecutionListener, org.springframework.test.context.jdbc.SqlScriptsTestExecutionListener]
2019-03-10 18:14:31.219  INFO 8276 --- [    Test worker] .b.t.c.SpringBootTestContextBootstrapper : Using TestExecutionListeners: [org.springframework.test.context.web.ServletTestExecutionListener@238be408, org.springframework.test.context.support.DirtiesContextBeforeModesTestExecutionListener@360c30a5, org.springframework.boot.test.mock.mockito.MockitoTestExecutionListener@1670f65b, org.springframework.boot.test.autoconfigure.SpringBootDependencyInjectionTestExecutionListener@6b3e3947, org.springframework.test.context.support.DirtiesContextTestExecutionListener@17e93b8c, org.springframework.test.context.transaction.TransactionalTestExecutionListener@40b7a8cc, org.springframework.test.context.jdbc.SqlScriptsTestExecutionListener@51645caf, org.springframework.boot.test.autoconfigure.restdocs.RestDocsTestExecutionListener@4b0ab3c5, org.springframework.boot.test.autoconfigure.web.client.MockRestServiceServerResetTestExecutionListener@1561d473, org.springframework.boot.test.autoconfigure.web.servlet.MockMvcPrintOnlyOnFailureTestExecutionListener@68edefdb, org.springframework.boot.test.autoconfigure.web.servlet.WebDriverTestExecutionListener@1b9f474d, org.springframework.boot.test.mock.mockito.ResetMocksTestExecutionListener@5155b60]

  .   ____          _            __ _ _
 /\\ / ___'_ __ _ _(_)_ __  __ _ \ \ \ \
( ( )\___ | '_ | '_| | '_ \/ _` | \ \ \ \
 \\/  ___)| |_)| | | | | || (_| |  ) ) ) )
  '  |____| .__|_| |_|_| |_\__, | / / / /
 =========|_|==============|___/=/_/_/_/
 :: Spring Boot ::        (v2.1.3.RELEASE)

2019-03-10 18:14:31.243  INFO 8276 --- [    Test worker] b.i.t.b.TopMoviesBackendApplicationTests : Starting TopMoviesBackendApplicationTests on DESKTOP-8NTSQLQ with PID 8276 (started by chern in C:\movie\backend)
2019-03-10 18:14:31.243  INFO 8276 --- [    Test worker] b.i.t.b.TopMoviesBackendApplicationTests : No active profile set, falling back to default profiles: default
2019-03-10 18:14:31.365  INFO 8276 --- [    Test worker] .s.d.r.c.RepositoryConfigurationDelegate : Bootstrapping Spring Data repositories in DEFAULT mode.
2019-03-10 18:14:31.377  INFO 8276 --- [    Test worker] .s.d.r.c.RepositoryConfigurationDelegate : Finished Spring Data repository scanning in 12ms. Found 1 repository interfaces.
2019-03-10 18:14:31.910  INFO 8276 --- [      Thread-10] o.s.b.a.mongo.embedded.EmbeddedMongo     : note: noprealloc may hurt performance in many applications
2019-03-10 18:14:31.956  INFO 8276 --- [      Thread-10] o.s.b.a.mongo.embedded.EmbeddedMongo     : 2019-03-10T18:14:31.955+0300 I CONTROL  [initandlisten] MongoDB starting : pid=11608 port=50068 dbpath=C:\Users\chern\AppData\Local\Temp\embedmongo-db-d3d0288e-72d1-4d0d-8d55-4b3fa48e89a0 64-bit host=DESKTOP-8NTSQLQ
2019-03-10 18:14:31.956  INFO 8276 --- [      Thread-10] o.s.b.a.mongo.embedded.EmbeddedMongo     : 2019-03-10T18:14:31.956+0300 I CONTROL  [initandlisten] targetMinOS: Windows Vista/Windows Server 2008
2019-03-10 18:14:31.956  INFO 8276 --- [      Thread-10] o.s.b.a.mongo.embedded.EmbeddedMongo     : 2019-03-10T18:14:31.956+0300 I CONTROL  [initandlisten] db version v3.5.5
2019-03-10 18:14:31.956  INFO 8276 --- [      Thread-10] o.s.b.a.mongo.embedded.EmbeddedMongo     : 2019-03-10T18:14:31.956+0300 I CONTROL  [initandlisten] git version: 98515c812b6fa893613f063dae568ff8319cbfbd
2019-03-10 18:14:31.957  INFO 8276 --- [      Thread-10] o.s.b.a.mongo.embedded.EmbeddedMongo     : 2019-03-10T18:14:31.956+0300 I CONTROL  [initandlisten] allocator: tcmalloc
2019-03-10 18:14:31.957  INFO 8276 --- [      Thread-10] o.s.b.a.mongo.embedded.EmbeddedMongo     : 2019-03-10T18:14:31.956+0300 I CONTROL  [initandlisten] modules: none
2019-03-10 18:14:31.957  INFO 8276 --- [      Thread-10] o.s.b.a.mongo.embedded.EmbeddedMongo     : 2019-03-10T18:14:31.956+0300 I CONTROL  [initandlisten] build environment:
2019-03-10 18:14:31.957  INFO 8276 --- [      Thread-10] o.s.b.a.mongo.embedded.EmbeddedMongo     : 2019-03-10T18:14:31.956+0300 I CONTROL  [initandlisten]     distarch: x86_64
2019-03-10 18:14:31.957  INFO 8276 --- [      Thread-10] o.s.b.a.mongo.embedded.EmbeddedMongo     : 2019-03-10T18:14:31.956+0300 I CONTROL  [initandlisten]     target_arch: x86_64
2019-03-10 18:14:31.957  INFO 8276 --- [      Thread-10] o.s.b.a.mongo.embedded.EmbeddedMongo     : 2019-03-10T18:14:31.956+0300 I CONTROL  [initandlisten] options: { net: { bindIp: "127.0.0.1", http: { enabled: false }, port: 50068 }, security: { authorization: "disabled" }, storage: { dbPath: "C:\Users\chern\AppData\Local\Temp\embedmongo-db-d3d0288e-72d1-4d0d-8d55-4b3fa48e89a0", journal: { enabled: false }, mmapv1: { preallocDataFiles: false, smallFiles: true }, syncPeriodSecs: 0.0 } }
2019-03-10 18:14:31.957  INFO 8276 --- [      Thread-10] o.s.b.a.mongo.embedded.EmbeddedMongo     : 2019-03-10T18:14:31.957+0300 I STORAGE  [initandlisten] wiredtiger_open config: create,cache_size=3505M,session_max=20000,eviction=(threads_min=4,threads_max=4),config_base=false,statistics=(fast),log=(enabled=true,archive=true,path=journal,compressor=snappy),file_manager=(close_idle_time=100000),checkpoint=(wait=0,log_size=2GB),statistics_log=(wait=0),verbose=(recovery_progress),,log=(enabled=false),
2019-03-10 18:14:32.644  INFO 8276 --- [      Thread-10] o.s.b.a.mongo.embedded.EmbeddedMongo     : 2019-03-10T18:14:32.644+0300 W STORAGE  [initandlisten] Detected configuration for non-active storage engine mmapv1 when current storage engine is wiredTiger
2019-03-10 18:14:32.645  INFO 8276 --- [      Thread-10] o.s.b.a.mongo.embedded.EmbeddedMongo     : 2019-03-10T18:14:32.645+0300 I CONTROL  [initandlisten] 
2019-03-10 18:14:32.645  INFO 8276 --- [      Thread-10] o.s.b.a.mongo.embedded.EmbeddedMongo     : 2019-03-10T18:14:32.645+0300 I CONTROL  [initandlisten] ** NOTE: This is a development version (3.5.5) of MongoDB.
2019-03-10 18:14:32.645  INFO 8276 --- [      Thread-10] o.s.b.a.mongo.embedded.EmbeddedMongo     : 2019-03-10T18:14:32.645+0300 I CONTROL  [initandlisten] **       Not recommended for production.
2019-03-10 18:14:32.646  INFO 8276 --- [      Thread-10] o.s.b.a.mongo.embedded.EmbeddedMongo     : 2019-03-10T18:14:32.645+0300 I CONTROL  [initandlisten] 
2019-03-10 18:14:33.246  INFO 8276 --- [      Thread-10] o.s.b.a.mongo.embedded.EmbeddedMongo     : 2019-03-10T18:14:33.246+0300 W FTDC     [initandlisten] Failed to initialize Performance Counters for FTDC: WindowsPdhError: PdhExpandCounterPathW failed with 'РЈРєР°Р·Р°РЅРЅС‹Рµ РѕР±СЉРµРєС‚С‹ РЅРµ РЅР°Р№РґРµРЅС‹ РЅР° СЌС‚РѕРј РєРѕРјРїСЊСЋС‚РµСЂРµ.' for counter '\Memory\Available Bytes'
2019-03-10 18:14:33.246  INFO 8276 --- [      Thread-10] o.s.b.a.mongo.embedded.EmbeddedMongo     : 2019-03-10T18:14:33.246+0300 I FTDC     [initandlisten] Initializing full-time diagnostic data capture with directory 'C:/Users/chern/AppData/Local/Temp/embedmongo-db-d3d0288e-72d1-4d0d-8d55-4b3fa48e89a0/diagnostic.data'
2019-03-10 18:14:33.716  INFO 8276 --- [      Thread-10] o.s.b.a.mongo.embedded.EmbeddedMongo     : 2019-03-10T18:14:33.716+0300 I INDEX    [initandlisten] build index on: admin.system.version properties: { v: 2, key: { version: 1 }, name: "incompatible_with_version_32", ns: "admin.system.version" }
2019-03-10 18:14:33.716  INFO 8276 --- [      Thread-10] o.s.b.a.mongo.embedded.EmbeddedMongo     : 2019-03-10T18:14:33.717+0300 I INDEX    [initandlisten] 	 building index using bulk method; build may temporarily use up to 500 megabytes of RAM
2019-03-10 18:14:33.728  INFO 8276 --- [      Thread-10] o.s.b.a.mongo.embedded.EmbeddedMongo     : 2019-03-10T18:14:33.729+0300 I INDEX    [initandlisten] build index done.  scanned 0 total records. 0 secs
2019-03-10 18:14:33.728  INFO 8276 --- [      Thread-10] o.s.b.a.mongo.embedded.EmbeddedMongo     : 2019-03-10T18:14:33.729+0300 I COMMAND  [initandlisten] setting featureCompatibilityVersion to 3.4
2019-03-10 18:14:33.730  INFO 8276 --- [      Thread-10] o.s.b.a.mongo.embedded.EmbeddedMongo     : 2019-03-10T18:14:33.730+0300 I NETWORK  [thread1] waiting for connections on port 50068
2019-03-10 18:14:33.730  INFO 8276 --- [    Test worker] d.f.embed.mongo.MongodExecutable         : start de.flapdoodle.embed.mongo.config.MongodConfigBuilder$ImmutableMongodConfig@37e23caf
2019-03-10 18:14:33.734  INFO 8276 --- [    Test worker] org.mongodb.driver.cluster               : Cluster created with settings {hosts=[localhost:50068], mode=MULTIPLE, requiredClusterType=UNKNOWN, serverSelectionTimeout='30000 ms', maxWaitQueueSize=500}
2019-03-10 18:14:33.734  INFO 8276 --- [    Test worker] org.mongodb.driver.cluster               : Adding discovered server localhost:50068 to client view of cluster
2019-03-10 18:14:33.736  INFO 8276 --- [      Thread-10] o.s.b.a.mongo.embedded.EmbeddedMongo     : 2019-03-10T18:14:33.736+0300 I NETWORK  [thread1] connection accepted from 127.0.0.1:50071 #1 (1 connection now open)
2019-03-10 18:14:33.747  INFO 8276 --- [      Thread-10] o.s.b.a.mongo.embedded.EmbeddedMongo     : 2019-03-10T18:14:33.747+0300 I NETWORK  [conn1] received client metadata from 127.0.0.1:50071 conn1: { driver: { name: "mongo-java-driver", version: "3.8.2" }, os: { type: "Windows", name: "Windows 10", architecture: "amd64", version: "10.0" }, platform: "Java/Oracle Corporation/11.0.2+9" }
2019-03-10 18:14:33.752  INFO 8276 --- [localhost:50068] org.mongodb.driver.connection            : Opened connection [connectionId{localValue:3, serverValue:1}] to localhost:50068
2019-03-10 18:14:33.753  INFO 8276 --- [localhost:50068] org.mongodb.driver.cluster               : Monitor thread successfully connected to server with description ServerDescription{address=localhost:50068, type=STANDALONE, state=CONNECTED, ok=true, version=ServerVersion{versionList=[3, 5, 5]}, minWireVersion=0, maxWireVersion=5, maxDocumentSize=16777216, logicalSessionTimeoutMinutes=null, roundTripTimeNanos=547999}
2019-03-10 18:14:33.754  INFO 8276 --- [localhost:50068] org.mongodb.driver.cluster               : Discovered cluster type of STANDALONE
2019-03-10 18:14:33.764  INFO 8276 --- [    Test worker] m.c.i.MongoPersistentEntityIndexResolver : Found cycle for field '_id' in type 'Movie' for path 'obj -> obj'
2019-03-10 18:14:33.765  INFO 8276 --- [    Test worker] m.c.i.MongoPersistentEntityIndexResolver : Found cycle for field 'obj' in type 'Movie' for path 'obj -> obj'
2019-03-10 18:14:33.998  INFO 8276 --- [    Test worker] o.s.s.concurrent.ThreadPoolTaskExecutor  : Initializing ExecutorService 'applicationTaskExecutor'
2019-03-10 18:14:34.135  INFO 8276 --- [    Test worker] b.i.t.b.TopMoviesBackendApplicationTests : Started TopMoviesBackendApplicationTests in 2.914 seconds (JVM running for 11.079)
]]></system-out>
  <system-err><![CDATA[]]></system-err>
</testsuite>
