<?xml version="1.0" encoding="UTF-8"?>
<testsuite name="ru.bmstu.iu7.topmovies.backend.TopMoviesBackendApplicationTests" tests="1" skipped="0" failures="0" errors="0" timestamp="2019-03-10T15:46:39" hostname="DESKTOP-8NTSQLQ" time="0.001">
  <properties/>
  <testcase name="contextLoads" classname="ru.bmstu.iu7.topmovies.backend.TopMoviesBackendApplicationTests" time="0.001"/>
  <system-out><![CDATA[2019-03-10 18:46:35.977  INFO 9048 --- [    Test worker] .b.t.c.SpringBootTestContextBootstrapper : Neither @ContextConfiguration nor @ContextHierarchy found for test class [ru.bmstu.iu7.topmovies.backend.TopMoviesBackendApplicationTests], using SpringBootContextLoader
2019-03-10 18:46:35.978  INFO 9048 --- [    Test worker] o.s.t.c.support.AbstractContextLoader    : Could not detect default resource locations for test class [ru.bmstu.iu7.topmovies.backend.TopMoviesBackendApplicationTests]: no resource found for suffixes {-context.xml, Context.groovy}.
2019-03-10 18:46:35.979  INFO 9048 --- [    Test worker] t.c.s.AnnotationConfigContextLoaderUtils : Could not detect default configuration classes for test class [ru.bmstu.iu7.topmovies.backend.TopMoviesBackendApplicationTests]: TopMoviesBackendApplicationTests does not declare any static, non-private, non-final, nested classes annotated with @Configuration.
2019-03-10 18:46:35.982  INFO 9048 --- [    Test worker] .b.t.c.SpringBootTestContextBootstrapper : Found @SpringBootConfiguration ru.bmstu.iu7.topmovies.backend.TopMoviesBackendApplication for test class ru.bmstu.iu7.topmovies.backend.TopMoviesBackendApplicationTests
2019-03-10 18:46:35.984  INFO 9048 --- [    Test worker] .b.t.c.SpringBootTestContextBootstrapper : Loaded default TestExecutionListener class names from location [META-INF/spring.factories]: [org.springframework.boot.test.autoconfigure.restdocs.RestDocsTestExecutionListener, org.springframework.boot.test.autoconfigure.web.client.MockRestServiceServerResetTestExecutionListener, org.springframework.boot.test.autoconfigure.web.servlet.MockMvcPrintOnlyOnFailureTestExecutionListener, org.springframework.boot.test.autoconfigure.web.servlet.WebDriverTestExecutionListener, org.springframework.boot.test.mock.mockito.MockitoTestExecutionListener, org.springframework.boot.test.mock.mockito.ResetMocksTestExecutionListener, org.springframework.test.context.web.ServletTestExecutionListener, org.springframework.test.context.support.DirtiesContextBeforeModesTestExecutionListener, org.springframework.test.context.support.DependencyInjectionTestExecutionListener, org.springframework.test.context.support.DirtiesContextTestExecutionListener, org.springframework.test.context.transaction.TransactionalTestExecutionListener, org.springframework.test.context.jdbc.SqlScriptsTestExecutionListener]
2019-03-10 18:46:35.984  INFO 9048 --- [    Test worker] .b.t.c.SpringBootTestContextBootstrapper : Using TestExecutionListeners: [org.springframework.test.context.web.ServletTestExecutionListener@1c540992, org.springframework.test.context.support.DirtiesContextBeforeModesTestExecutionListener@5f22ccba, org.springframework.boot.test.mock.mockito.MockitoTestExecutionListener@410744cb, org.springframework.boot.test.autoconfigure.SpringBootDependencyInjectionTestExecutionListener@7cb060bd, org.springframework.test.context.support.DirtiesContextTestExecutionListener@4014fe20, org.springframework.test.context.transaction.TransactionalTestExecutionListener@99aad84, org.springframework.test.context.jdbc.SqlScriptsTestExecutionListener@72c08160, org.springframework.boot.test.autoconfigure.restdocs.RestDocsTestExecutionListener@d0aa20d, org.springframework.boot.test.autoconfigure.web.client.MockRestServiceServerResetTestExecutionListener@6a08a872, org.springframework.boot.test.autoconfigure.web.servlet.MockMvcPrintOnlyOnFailureTestExecutionListener@36a2de3a, org.springframework.boot.test.autoconfigure.web.servlet.WebDriverTestExecutionListener@409f920f, org.springframework.boot.test.mock.mockito.ResetMocksTestExecutionListener@185d5adb]

  .   ____          _            __ _ _
 /\\ / ___'_ __ _ _(_)_ __  __ _ \ \ \ \
( ( )\___ | '_ | '_| | '_ \/ _` | \ \ \ \
 \\/  ___)| |_)| | | | | || (_| |  ) ) ) )
  '  |____| .__|_| |_|_| |_\__, | / / / /
 =========|_|==============|___/=/_/_/_/
 :: Spring Boot ::        (v2.1.3.RELEASE)

2019-03-10 18:46:35.999  INFO 9048 --- [    Test worker] b.i.t.b.TopMoviesBackendApplicationTests : Starting TopMoviesBackendApplicationTests on DESKTOP-8NTSQLQ with PID 9048 (started by chern in C:\movie2\backend)
2019-03-10 18:46:36.000  INFO 9048 --- [    Test worker] b.i.t.b.TopMoviesBackendApplicationTests : No active profile set, falling back to default profiles: default
2019-03-10 18:46:36.132  INFO 9048 --- [    Test worker] .s.d.r.c.RepositoryConfigurationDelegate : Bootstrapping Spring Data repositories in DEFAULT mode.
2019-03-10 18:46:36.145  INFO 9048 --- [    Test worker] .s.d.r.c.RepositoryConfigurationDelegate : Finished Spring Data repository scanning in 12ms. Found 1 repository interfaces.
2019-03-10 18:46:37.181  INFO 9048 --- [      Thread-10] o.s.b.a.mongo.embedded.EmbeddedMongo     : note: noprealloc may hurt performance in many applications
2019-03-10 18:46:37.233  INFO 9048 --- [      Thread-10] o.s.b.a.mongo.embedded.EmbeddedMongo     : 2019-03-10T18:46:37.233+0300 I CONTROL  [initandlisten] MongoDB starting : pid=11660 port=50815 dbpath=C:\Users\chern\AppData\Local\Temp\embedmongo-db-c5c8b4c6-63fc-4463-9a91-c620af1f9b5b 64-bit host=DESKTOP-8NTSQLQ
2019-03-10 18:46:37.234  INFO 9048 --- [      Thread-10] o.s.b.a.mongo.embedded.EmbeddedMongo     : 2019-03-10T18:46:37.233+0300 I CONTROL  [initandlisten] targetMinOS: Windows Vista/Windows Server 2008
2019-03-10 18:46:37.234  INFO 9048 --- [      Thread-10] o.s.b.a.mongo.embedded.EmbeddedMongo     : 2019-03-10T18:46:37.234+0300 I CONTROL  [initandlisten] db version v3.5.5
2019-03-10 18:46:37.234  INFO 9048 --- [      Thread-10] o.s.b.a.mongo.embedded.EmbeddedMongo     : 2019-03-10T18:46:37.234+0300 I CONTROL  [initandlisten] git version: 98515c812b6fa893613f063dae568ff8319cbfbd
2019-03-10 18:46:37.234  INFO 9048 --- [      Thread-10] o.s.b.a.mongo.embedded.EmbeddedMongo     : 2019-03-10T18:46:37.234+0300 I CONTROL  [initandlisten] allocator: tcmalloc
2019-03-10 18:46:37.234  INFO 9048 --- [      Thread-10] o.s.b.a.mongo.embedded.EmbeddedMongo     : 2019-03-10T18:46:37.234+0300 I CONTROL  [initandlisten] modules: none
2019-03-10 18:46:37.234  INFO 9048 --- [      Thread-10] o.s.b.a.mongo.embedded.EmbeddedMongo     : 2019-03-10T18:46:37.234+0300 I CONTROL  [initandlisten] build environment:
2019-03-10 18:46:37.234  INFO 9048 --- [      Thread-10] o.s.b.a.mongo.embedded.EmbeddedMongo     : 2019-03-10T18:46:37.234+0300 I CONTROL  [initandlisten]     distarch: x86_64
2019-03-10 18:46:37.234  INFO 9048 --- [      Thread-10] o.s.b.a.mongo.embedded.EmbeddedMongo     : 2019-03-10T18:46:37.234+0300 I CONTROL  [initandlisten]     target_arch: x86_64
2019-03-10 18:46:37.235  INFO 9048 --- [      Thread-10] o.s.b.a.mongo.embedded.EmbeddedMongo     : 2019-03-10T18:46:37.234+0300 I CONTROL  [initandlisten] options: { net: { bindIp: "127.0.0.1", http: { enabled: false }, port: 50815 }, security: { authorization: "disabled" }, storage: { dbPath: "C:\Users\chern\AppData\Local\Temp\embedmongo-db-c5c8b4c6-63fc-4463-9a91-c620af1f9b5b", journal: { enabled: false }, mmapv1: { preallocDataFiles: false, smallFiles: true }, syncPeriodSecs: 0.0 } }
2019-03-10 18:46:37.235  INFO 9048 --- [      Thread-10] o.s.b.a.mongo.embedded.EmbeddedMongo     : 2019-03-10T18:46:37.235+0300 I STORAGE  [initandlisten] wiredtiger_open config: create,cache_size=3505M,session_max=20000,eviction=(threads_min=4,threads_max=4),config_base=false,statistics=(fast),log=(enabled=true,archive=true,path=journal,compressor=snappy),file_manager=(close_idle_time=100000),checkpoint=(wait=0,log_size=2GB),statistics_log=(wait=0),verbose=(recovery_progress),,log=(enabled=false),
2019-03-10 18:46:37.911  INFO 9048 --- [      Thread-10] o.s.b.a.mongo.embedded.EmbeddedMongo     : 2019-03-10T18:46:37.911+0300 W STORAGE  [initandlisten] Detected configuration for non-active storage engine mmapv1 when current storage engine is wiredTiger
2019-03-10 18:46:37.912  INFO 9048 --- [      Thread-10] o.s.b.a.mongo.embedded.EmbeddedMongo     : 2019-03-10T18:46:37.912+0300 I CONTROL  [initandlisten] 
2019-03-10 18:46:37.912  INFO 9048 --- [      Thread-10] o.s.b.a.mongo.embedded.EmbeddedMongo     : 2019-03-10T18:46:37.912+0300 I CONTROL  [initandlisten] ** NOTE: This is a development version (3.5.5) of MongoDB.
2019-03-10 18:46:37.913  INFO 9048 --- [      Thread-10] o.s.b.a.mongo.embedded.EmbeddedMongo     : 2019-03-10T18:46:37.912+0300 I CONTROL  [initandlisten] **       Not recommended for production.
2019-03-10 18:46:37.913  INFO 9048 --- [      Thread-10] o.s.b.a.mongo.embedded.EmbeddedMongo     : 2019-03-10T18:46:37.912+0300 I CONTROL  [initandlisten] 
2019-03-10 18:46:38.561  INFO 9048 --- [      Thread-10] o.s.b.a.mongo.embedded.EmbeddedMongo     : 2019-03-10T18:46:38.561+0300 W FTDC     [initandlisten] Failed to initialize Performance Counters for FTDC: WindowsPdhError: PdhExpandCounterPathW failed with 'РЈРєР°Р·Р°РЅРЅС‹Рµ РѕР±СЉРµРєС‚С‹ РЅРµ РЅР°Р№РґРµРЅС‹ РЅР° СЌС‚РѕРј РєРѕРјРїСЊСЋС‚РµСЂРµ.' for counter '\Memory\Available Bytes'
2019-03-10 18:46:38.562  INFO 9048 --- [      Thread-10] o.s.b.a.mongo.embedded.EmbeddedMongo     : 2019-03-10T18:46:38.561+0300 I FTDC     [initandlisten] Initializing full-time diagnostic data capture with directory 'C:/Users/chern/AppData/Local/Temp/embedmongo-db-c5c8b4c6-63fc-4463-9a91-c620af1f9b5b/diagnostic.data'
2019-03-10 18:46:38.951  INFO 9048 --- [      Thread-10] o.s.b.a.mongo.embedded.EmbeddedMongo     : 2019-03-10T18:46:38.950+0300 I INDEX    [initandlisten] build index on: admin.system.version properties: { v: 2, key: { version: 1 }, name: "incompatible_with_version_32", ns: "admin.system.version" }
2019-03-10 18:46:38.951  INFO 9048 --- [      Thread-10] o.s.b.a.mongo.embedded.EmbeddedMongo     : 2019-03-10T18:46:38.950+0300 I INDEX    [initandlisten] 	 building index using bulk method; build may temporarily use up to 500 megabytes of RAM
2019-03-10 18:46:38.963  INFO 9048 --- [      Thread-10] o.s.b.a.mongo.embedded.EmbeddedMongo     : 2019-03-10T18:46:38.964+0300 I INDEX    [initandlisten] build index done.  scanned 0 total records. 0 secs
2019-03-10 18:46:38.966  INFO 9048 --- [      Thread-10] o.s.b.a.mongo.embedded.EmbeddedMongo     : 2019-03-10T18:46:38.966+0300 I COMMAND  [initandlisten] setting featureCompatibilityVersion to 3.4
2019-03-10 18:46:38.968  INFO 9048 --- [      Thread-10] o.s.b.a.mongo.embedded.EmbeddedMongo     : 2019-03-10T18:46:38.969+0300 I NETWORK  [thread1] waiting for connections on port 50815
2019-03-10 18:46:38.969  INFO 9048 --- [    Test worker] d.f.embed.mongo.MongodExecutable         : start de.flapdoodle.embed.mongo.config.MongodConfigBuilder$ImmutableMongodConfig@538b48ce
2019-03-10 18:46:38.979  INFO 9048 --- [    Test worker] org.mongodb.driver.cluster               : Cluster created with settings {hosts=[localhost:50815], mode=MULTIPLE, requiredClusterType=UNKNOWN, serverSelectionTimeout='30000 ms', maxWaitQueueSize=500}
2019-03-10 18:46:38.979  INFO 9048 --- [    Test worker] org.mongodb.driver.cluster               : Adding discovered server localhost:50815 to client view of cluster
2019-03-10 18:46:38.982  INFO 9048 --- [      Thread-10] o.s.b.a.mongo.embedded.EmbeddedMongo     : 2019-03-10T18:46:38.982+0300 I NETWORK  [thread1] connection accepted from 127.0.0.1:50818 #1 (1 connection now open)
2019-03-10 18:46:38.986  INFO 9048 --- [      Thread-10] o.s.b.a.mongo.embedded.EmbeddedMongo     : 2019-03-10T18:46:38.986+0300 I NETWORK  [conn1] received client metadata from 127.0.0.1:50818 conn1: { driver: { name: "mongo-java-driver", version: "3.8.2" }, os: { type: "Windows", name: "Windows 10", architecture: "amd64", version: "10.0" }, platform: "Java/Oracle Corporation/11.0.2+9" }
2019-03-10 18:46:38.988  INFO 9048 --- [localhost:50815] org.mongodb.driver.connection            : Opened connection [connectionId{localValue:3, serverValue:1}] to localhost:50815
2019-03-10 18:46:38.989  INFO 9048 --- [localhost:50815] org.mongodb.driver.cluster               : Monitor thread successfully connected to server with description ServerDescription{address=localhost:50815, type=STANDALONE, state=CONNECTED, ok=true, version=ServerVersion{versionList=[3, 5, 5]}, minWireVersion=0, maxWireVersion=5, maxDocumentSize=16777216, logicalSessionTimeoutMinutes=null, roundTripTimeNanos=659554}
2019-03-10 18:46:38.990  INFO 9048 --- [localhost:50815] org.mongodb.driver.cluster               : Discovered cluster type of STANDALONE
2019-03-10 18:46:39.014  INFO 9048 --- [    Test worker] m.c.i.MongoPersistentEntityIndexResolver : Found cycle for field '_id' in type 'Movie' for path 'obj -> obj'
2019-03-10 18:46:39.015  INFO 9048 --- [    Test worker] m.c.i.MongoPersistentEntityIndexResolver : Found cycle for field 'obj' in type 'Movie' for path 'obj -> obj'
2019-03-10 18:46:39.242  INFO 9048 --- [    Test worker] o.s.s.concurrent.ThreadPoolTaskExecutor  : Initializing ExecutorService 'applicationTaskExecutor'
2019-03-10 18:46:39.391  INFO 9048 --- [    Test worker] b.i.t.b.TopMoviesBackendApplicationTests : Started TopMoviesBackendApplicationTests in 3.406 seconds (JVM running for 13.19)
]]></system-out>
  <system-err><![CDATA[]]></system-err>
</testsuite>
