<?xml version="1.0" encoding="UTF-8"?>
<testsuite name="ru.bmstu.iu7.topmovies.backend.service.MovieServiceTest" tests="5" skipped="0" failures="0" errors="0" timestamp="2019-03-10T15:14:30" hostname="DESKTOP-8NTSQLQ" time="0.494">
  <properties/>
  <testcase name="getMovie_MovieFound" classname="ru.bmstu.iu7.topmovies.backend.service.MovieServiceTest" time="0.419"/>
  <testcase name="postMovie_MovieCreated" classname="ru.bmstu.iu7.topmovies.backend.service.MovieServiceTest" time="0.004"/>
  <testcase name="patchMovie_MovieParamChange" classname="ru.bmstu.iu7.topmovies.backend.service.MovieServiceTest" time="0.033"/>
  <testcase name="getTopMoviesList_MovieListGot" classname="ru.bmstu.iu7.topmovies.backend.service.MovieServiceTest" time="0.031"/>
  <testcase name="deleteMovie_MovieDeleted" classname="ru.bmstu.iu7.topmovies.backend.service.MovieServiceTest" time="0.005"/>
  <system-out><![CDATA[18:14:24.751 [Test worker] DEBUG org.springframework.test.context.junit4.SpringJUnit4ClassRunner - SpringJUnit4ClassRunner constructor called with [class ru.bmstu.iu7.topmovies.backend.service.MovieServiceTest]
18:14:24.764 [Test worker] DEBUG org.springframework.test.context.BootstrapUtils - Instantiating CacheAwareContextLoaderDelegate from class [org.springframework.test.context.cache.DefaultCacheAwareContextLoaderDelegate]
18:14:24.781 [Test worker] DEBUG org.springframework.test.context.BootstrapUtils - Instantiating BootstrapContext using constructor [public org.springframework.test.context.support.DefaultBootstrapContext(java.lang.Class,org.springframework.test.context.CacheAwareContextLoaderDelegate)]
18:14:24.818 [Test worker] DEBUG org.springframework.test.context.BootstrapUtils - Instantiating TestContextBootstrapper for test class [ru.bmstu.iu7.topmovies.backend.service.MovieServiceTest] from class [org.springframework.boot.test.context.SpringBootTestContextBootstrapper]
18:14:24.831 [Test worker] INFO org.springframework.boot.test.context.SpringBootTestContextBootstrapper - Neither @ContextConfiguration nor @ContextHierarchy found for test class [ru.bmstu.iu7.topmovies.backend.service.MovieServiceTest], using SpringBootContextLoader
18:14:24.835 [Test worker] DEBUG org.springframework.test.context.support.AbstractContextLoader - Did not detect default resource location for test class [ru.bmstu.iu7.topmovies.backend.service.MovieServiceTest]: class path resource [ru/bmstu/iu7/topmovies/backend/service/MovieServiceTest-context.xml] does not exist
18:14:24.836 [Test worker] DEBUG org.springframework.test.context.support.AbstractContextLoader - Did not detect default resource location for test class [ru.bmstu.iu7.topmovies.backend.service.MovieServiceTest]: class path resource [ru/bmstu/iu7/topmovies/backend/service/MovieServiceTestContext.groovy] does not exist
18:14:24.836 [Test worker] INFO org.springframework.test.context.support.AbstractContextLoader - Could not detect default resource locations for test class [ru.bmstu.iu7.topmovies.backend.service.MovieServiceTest]: no resource found for suffixes {-context.xml, Context.groovy}.
18:14:24.838 [Test worker] INFO org.springframework.test.context.support.AnnotationConfigContextLoaderUtils - Could not detect default configuration classes for test class [ru.bmstu.iu7.topmovies.backend.service.MovieServiceTest]: MovieServiceTest does not declare any static, non-private, non-final, nested classes annotated with @Configuration.
18:14:24.901 [Test worker] DEBUG org.springframework.test.context.support.ActiveProfilesUtils - Could not find an 'annotation declaring class' for annotation type [org.springframework.test.context.ActiveProfiles] and class [ru.bmstu.iu7.topmovies.backend.service.MovieServiceTest]
18:14:24.990 [Test worker] DEBUG org.springframework.context.annotation.ClassPathScanningCandidateComponentProvider - Identified candidate component class: file [C:\movie\backend\build\classes\java\main\ru\bmstu\iu7\topmovies\backend\TopMoviesBackendApplication.class]
18:14:24.992 [Test worker] INFO org.springframework.boot.test.context.SpringBootTestContextBootstrapper - Found @SpringBootConfiguration ru.bmstu.iu7.topmovies.backend.TopMoviesBackendApplication for test class ru.bmstu.iu7.topmovies.backend.service.MovieServiceTest
18:14:25.107 [Test worker] DEBUG org.springframework.boot.test.context.SpringBootTestContextBootstrapper - @TestExecutionListeners is not present for class [ru.bmstu.iu7.topmovies.backend.service.MovieServiceTest]: using defaults.
18:14:25.107 [Test worker] INFO org.springframework.boot.test.context.SpringBootTestContextBootstrapper - Loaded default TestExecutionListener class names from location [META-INF/spring.factories]: [org.springframework.boot.test.autoconfigure.restdocs.RestDocsTestExecutionListener, org.springframework.boot.test.autoconfigure.web.client.MockRestServiceServerResetTestExecutionListener, org.springframework.boot.test.autoconfigure.web.servlet.MockMvcPrintOnlyOnFailureTestExecutionListener, org.springframework.boot.test.autoconfigure.web.servlet.WebDriverTestExecutionListener, org.springframework.boot.test.mock.mockito.MockitoTestExecutionListener, org.springframework.boot.test.mock.mockito.ResetMocksTestExecutionListener, org.springframework.test.context.web.ServletTestExecutionListener, org.springframework.test.context.support.DirtiesContextBeforeModesTestExecutionListener, org.springframework.test.context.support.DependencyInjectionTestExecutionListener, org.springframework.test.context.support.DirtiesContextTestExecutionListener, org.springframework.test.context.transaction.TransactionalTestExecutionListener, org.springframework.test.context.jdbc.SqlScriptsTestExecutionListener]
18:14:25.126 [Test worker] INFO org.springframework.boot.test.context.SpringBootTestContextBootstrapper - Using TestExecutionListeners: [org.springframework.test.context.web.ServletTestExecutionListener@2e36966c, org.springframework.test.context.support.DirtiesContextBeforeModesTestExecutionListener@6fd0aa88, org.springframework.boot.test.mock.mockito.MockitoTestExecutionListener@1617bf35, org.springframework.boot.test.autoconfigure.SpringBootDependencyInjectionTestExecutionListener@4fe237d2, org.springframework.test.context.support.DirtiesContextTestExecutionListener@557d5db4, org.springframework.test.context.transaction.TransactionalTestExecutionListener@3f132979, org.springframework.test.context.jdbc.SqlScriptsTestExecutionListener@1456d7b9, org.springframework.boot.test.autoconfigure.restdocs.RestDocsTestExecutionListener@4ad43e46, org.springframework.boot.test.autoconfigure.web.client.MockRestServiceServerResetTestExecutionListener@757b5a55, org.springframework.boot.test.autoconfigure.web.servlet.MockMvcPrintOnlyOnFailureTestExecutionListener@5385ed62, org.springframework.boot.test.autoconfigure.web.servlet.WebDriverTestExecutionListener@714c03b4, org.springframework.boot.test.mock.mockito.ResetMocksTestExecutionListener@1a8135d5]
18:14:25.128 [Test worker] DEBUG org.springframework.test.annotation.ProfileValueUtils - Retrieved @ProfileValueSourceConfiguration [null] for test class [ru.bmstu.iu7.topmovies.backend.service.MovieServiceTest]
18:14:25.129 [Test worker] DEBUG org.springframework.test.annotation.ProfileValueUtils - Retrieved ProfileValueSource type [class org.springframework.test.annotation.SystemProfileValueSource] for class [ru.bmstu.iu7.topmovies.backend.service.MovieServiceTest]
18:14:25.130 [Test worker] DEBUG org.springframework.test.annotation.ProfileValueUtils - Retrieved @ProfileValueSourceConfiguration [null] for test class [ru.bmstu.iu7.topmovies.backend.service.MovieServiceTest]
18:14:25.130 [Test worker] DEBUG org.springframework.test.annotation.ProfileValueUtils - Retrieved ProfileValueSource type [class org.springframework.test.annotation.SystemProfileValueSource] for class [ru.bmstu.iu7.topmovies.backend.service.MovieServiceTest]
18:14:25.136 [Test worker] DEBUG org.springframework.test.context.support.AbstractDirtiesContextTestExecutionListener - Before test class: context [DefaultTestContext@7b9bb5f3 testClass = MovieServiceTest, testInstance = [null], testMethod = [null], testException = [null], mergedContextConfiguration = [WebMergedContextConfiguration@64640f4e testClass = MovieServiceTest, locations = '{}', classes = '{class ru.bmstu.iu7.topmovies.backend.TopMoviesBackendApplication}', contextInitializerClasses = '[]', activeProfiles = '{}', propertySourceLocations = '{}', propertySourceProperties = '{org.springframework.boot.test.context.SpringBootTestContextBootstrapper=true}', contextCustomizers = set[org.springframework.boot.test.autoconfigure.properties.PropertyMappingContextCustomizer@0, org.springframework.boot.test.autoconfigure.web.servlet.WebDriverContextCustomizerFactory$Customizer@76fe77e8, [ImportsContextCustomizer@6ad226c5 key = [org.springframework.boot.autoconfigure.data.mongo.MongoDataAutoConfiguration, org.springframework.boot.autoconfigure.data.mongo.MongoReactiveDataAutoConfiguration, org.springframework.boot.autoconfigure.data.mongo.MongoReactiveRepositoriesAutoConfiguration, org.springframework.boot.autoconfigure.data.mongo.MongoRepositoriesAutoConfiguration, org.springframework.boot.autoconfigure.mongo.MongoAutoConfiguration, org.springframework.boot.autoconfigure.mongo.MongoReactiveAutoConfiguration, org.springframework.boot.autoconfigure.mongo.embedded.EmbeddedMongoAutoConfiguration]], org.springframework.boot.test.context.filter.ExcludeFilterContextCustomizer@3f27e7ed, org.springframework.boot.test.json.DuplicateJsonObjectContextCustomizerFactory$DuplicateJsonObjectContextCustomizer@c164485, org.springframework.boot.test.mock.mockito.MockitoContextCustomizer@0, org.springframework.boot.test.web.client.TestRestTemplateContextCustomizer@7f0920f5], resourceBasePath = 'src/main/webapp', contextLoader = 'org.springframework.boot.test.context.SpringBootContextLoader', parent = [null]], attributes = map['org.springframework.test.context.web.ServletTestExecutionListener.activateListener' -> true]], class annotated with @DirtiesContext [false] with mode [null].
18:14:25.136 [Test worker] DEBUG org.springframework.test.annotation.ProfileValueUtils - Retrieved @ProfileValueSourceConfiguration [null] for test class [ru.bmstu.iu7.topmovies.backend.service.MovieServiceTest]
18:14:25.136 [Test worker] DEBUG org.springframework.test.annotation.ProfileValueUtils - Retrieved ProfileValueSource type [class org.springframework.test.annotation.SystemProfileValueSource] for class [ru.bmstu.iu7.topmovies.backend.service.MovieServiceTest]
18:14:25.161 [Test worker] DEBUG org.springframework.test.context.support.TestPropertySourceUtils - Adding inlined properties to environment: {spring.jmx.enabled=false, org.springframework.boot.test.context.SpringBootTestContextBootstrapper=true, server.port=-1}

  .   ____          _            __ _ _
 /\\ / ___'_ __ _ _(_)_ __  __ _ \ \ \ \
( ( )\___ | '_ | '_| | '_ \/ _` | \ \ \ \
 \\/  ___)| |_)| | | | | || (_| |  ) ) ) )
  '  |____| .__|_| |_|_| |_\__, | / / / /
 =========|_|==============|___/=/_/_/_/
 :: Spring Boot ::        (v2.1.3.RELEASE)

2019-03-10 18:14:25.578  INFO 8276 --- [    Test worker] r.b.i.t.b.service.MovieServiceTest       : Starting MovieServiceTest on DESKTOP-8NTSQLQ with PID 8276 (started by chern in C:\movie\backend)
2019-03-10 18:14:25.581  INFO 8276 --- [    Test worker] r.b.i.t.b.service.MovieServiceTest       : No active profile set, falling back to default profiles: default
2019-03-10 18:14:26.282  INFO 8276 --- [    Test worker] .s.d.r.c.RepositoryConfigurationDelegate : Bootstrapping Spring Data repositories in DEFAULT mode.
2019-03-10 18:14:26.355  INFO 8276 --- [    Test worker] .s.d.r.c.RepositoryConfigurationDelegate : Finished Spring Data repository scanning in 67ms. Found 1 repository interfaces.
2019-03-10 18:14:27.556  INFO 8276 --- [       Thread-6] o.s.b.a.mongo.embedded.EmbeddedMongo     : note: noprealloc may hurt performance in many applications
2019-03-10 18:14:27.601  INFO 8276 --- [       Thread-6] o.s.b.a.mongo.embedded.EmbeddedMongo     : 2019-03-10T18:14:27.601+0300 I CONTROL  [initandlisten] MongoDB starting : pid=11424 port=50040 dbpath=C:\Users\chern\AppData\Local\Temp\embedmongo-db-dafb8f55-6f2c-4fd7-9694-953391ec126f 64-bit host=DESKTOP-8NTSQLQ
2019-03-10 18:14:27.601  INFO 8276 --- [       Thread-6] o.s.b.a.mongo.embedded.EmbeddedMongo     : 2019-03-10T18:14:27.601+0300 I CONTROL  [initandlisten] targetMinOS: Windows Vista/Windows Server 2008
2019-03-10 18:14:27.601  INFO 8276 --- [       Thread-6] o.s.b.a.mongo.embedded.EmbeddedMongo     : 2019-03-10T18:14:27.601+0300 I CONTROL  [initandlisten] db version v3.5.5
2019-03-10 18:14:27.601  INFO 8276 --- [       Thread-6] o.s.b.a.mongo.embedded.EmbeddedMongo     : 2019-03-10T18:14:27.602+0300 I CONTROL  [initandlisten] git version: 98515c812b6fa893613f063dae568ff8319cbfbd
2019-03-10 18:14:27.602  INFO 8276 --- [       Thread-6] o.s.b.a.mongo.embedded.EmbeddedMongo     : 2019-03-10T18:14:27.602+0300 I CONTROL  [initandlisten] allocator: tcmalloc
2019-03-10 18:14:27.602  INFO 8276 --- [       Thread-6] o.s.b.a.mongo.embedded.EmbeddedMongo     : 2019-03-10T18:14:27.602+0300 I CONTROL  [initandlisten] modules: none
2019-03-10 18:14:27.602  INFO 8276 --- [       Thread-6] o.s.b.a.mongo.embedded.EmbeddedMongo     : 2019-03-10T18:14:27.602+0300 I CONTROL  [initandlisten] build environment:
2019-03-10 18:14:27.602  INFO 8276 --- [       Thread-6] o.s.b.a.mongo.embedded.EmbeddedMongo     : 2019-03-10T18:14:27.602+0300 I CONTROL  [initandlisten]     distarch: x86_64
2019-03-10 18:14:27.602  INFO 8276 --- [       Thread-6] o.s.b.a.mongo.embedded.EmbeddedMongo     : 2019-03-10T18:14:27.602+0300 I CONTROL  [initandlisten]     target_arch: x86_64
2019-03-10 18:14:27.603  INFO 8276 --- [       Thread-6] o.s.b.a.mongo.embedded.EmbeddedMongo     : 2019-03-10T18:14:27.602+0300 I CONTROL  [initandlisten] options: { net: { bindIp: "127.0.0.1", http: { enabled: false }, port: 50040 }, security: { authorization: "disabled" }, storage: { dbPath: "C:\Users\chern\AppData\Local\Temp\embedmongo-db-dafb8f55-6f2c-4fd7-9694-953391ec126f", journal: { enabled: false }, mmapv1: { preallocDataFiles: false, smallFiles: true }, syncPeriodSecs: 0.0 } }
2019-03-10 18:14:27.603  INFO 8276 --- [       Thread-6] o.s.b.a.mongo.embedded.EmbeddedMongo     : 2019-03-10T18:14:27.603+0300 I STORAGE  [initandlisten] wiredtiger_open config: create,cache_size=3505M,session_max=20000,eviction=(threads_min=4,threads_max=4),config_base=false,statistics=(fast),log=(enabled=true,archive=true,path=journal,compressor=snappy),file_manager=(close_idle_time=100000),checkpoint=(wait=0,log_size=2GB),statistics_log=(wait=0),verbose=(recovery_progress),,log=(enabled=false),
2019-03-10 18:14:28.253  INFO 8276 --- [       Thread-6] o.s.b.a.mongo.embedded.EmbeddedMongo     : 2019-03-10T18:14:28.253+0300 W STORAGE  [initandlisten] Detected configuration for non-active storage engine mmapv1 when current storage engine is wiredTiger
2019-03-10 18:14:28.254  INFO 8276 --- [       Thread-6] o.s.b.a.mongo.embedded.EmbeddedMongo     : 2019-03-10T18:14:28.253+0300 I CONTROL  [initandlisten] 
2019-03-10 18:14:28.254  INFO 8276 --- [       Thread-6] o.s.b.a.mongo.embedded.EmbeddedMongo     : 2019-03-10T18:14:28.253+0300 I CONTROL  [initandlisten] ** NOTE: This is a development version (3.5.5) of MongoDB.
2019-03-10 18:14:28.255  INFO 8276 --- [       Thread-6] o.s.b.a.mongo.embedded.EmbeddedMongo     : 2019-03-10T18:14:28.253+0300 I CONTROL  [initandlisten] **       Not recommended for production.
2019-03-10 18:14:28.256  INFO 8276 --- [       Thread-6] o.s.b.a.mongo.embedded.EmbeddedMongo     : 2019-03-10T18:14:28.253+0300 I CONTROL  [initandlisten] 
2019-03-10 18:14:28.675  INFO 8276 --- [       Thread-6] o.s.b.a.mongo.embedded.EmbeddedMongo     : 2019-03-10T18:14:28.674+0300 W FTDC     [initandlisten] Failed to initialize Performance Counters for FTDC: WindowsPdhError: PdhExpandCounterPathW failed with 'РЈРєР°Р·Р°РЅРЅС‹Рµ РѕР±СЉРµРєС‚С‹ РЅРµ РЅР°Р№РґРµРЅС‹ РЅР° СЌС‚РѕРј РєРѕРјРїСЊСЋС‚РµСЂРµ.' for counter '\Memory\Available Bytes'
2019-03-10 18:14:28.676  INFO 8276 --- [       Thread-6] o.s.b.a.mongo.embedded.EmbeddedMongo     : 2019-03-10T18:14:28.674+0300 I FTDC     [initandlisten] Initializing full-time diagnostic data capture with directory 'C:/Users/chern/AppData/Local/Temp/embedmongo-db-dafb8f55-6f2c-4fd7-9694-953391ec126f/diagnostic.data'
2019-03-10 18:14:29.049  INFO 8276 --- [       Thread-6] o.s.b.a.mongo.embedded.EmbeddedMongo     : 2019-03-10T18:14:29.049+0300 I INDEX    [initandlisten] build index on: admin.system.version properties: { v: 2, key: { version: 1 }, name: "incompatible_with_version_32", ns: "admin.system.version" }
2019-03-10 18:14:29.050  INFO 8276 --- [       Thread-6] o.s.b.a.mongo.embedded.EmbeddedMongo     : 2019-03-10T18:14:29.050+0300 I INDEX    [initandlisten] 	 building index using bulk method; build may temporarily use up to 500 megabytes of RAM
2019-03-10 18:14:29.063  INFO 8276 --- [       Thread-6] o.s.b.a.mongo.embedded.EmbeddedMongo     : 2019-03-10T18:14:29.062+0300 I INDEX    [initandlisten] build index done.  scanned 0 total records. 0 secs
2019-03-10 18:14:29.064  INFO 8276 --- [       Thread-6] o.s.b.a.mongo.embedded.EmbeddedMongo     : 2019-03-10T18:14:29.064+0300 I COMMAND  [initandlisten] setting featureCompatibilityVersion to 3.4
2019-03-10 18:14:29.066  INFO 8276 --- [       Thread-6] o.s.b.a.mongo.embedded.EmbeddedMongo     : 2019-03-10T18:14:29.065+0300 I NETWORK  [thread1] waiting for connections on port 50040
2019-03-10 18:14:29.067  INFO 8276 --- [    Test worker] d.f.embed.mongo.MongodExecutable         : start de.flapdoodle.embed.mongo.config.MongodConfigBuilder$ImmutableMongodConfig@21b960d9
2019-03-10 18:14:29.439  INFO 8276 --- [    Test worker] org.mongodb.driver.cluster               : Cluster created with settings {hosts=[localhost:50040], mode=MULTIPLE, requiredClusterType=UNKNOWN, serverSelectionTimeout='30000 ms', maxWaitQueueSize=500}
2019-03-10 18:14:29.439  INFO 8276 --- [    Test worker] org.mongodb.driver.cluster               : Adding discovered server localhost:50040 to client view of cluster
2019-03-10 18:14:29.481  INFO 8276 --- [       Thread-6] o.s.b.a.mongo.embedded.EmbeddedMongo     : 2019-03-10T18:14:29.481+0300 I NETWORK  [thread1] connection accepted from 127.0.0.1:50049 #1 (1 connection now open)
2019-03-10 18:14:29.492  INFO 8276 --- [       Thread-6] o.s.b.a.mongo.embedded.EmbeddedMongo     : 2019-03-10T18:14:29.492+0300 I NETWORK  [conn1] received client metadata from 127.0.0.1:50049 conn1: { driver: { name: "mongo-java-driver", version: "3.8.2" }, os: { type: "Windows", name: "Windows 10", architecture: "amd64", version: "10.0" }, platform: "Java/Oracle Corporation/11.0.2+9" }
2019-03-10 18:14:29.513  INFO 8276 --- [localhost:50040] org.mongodb.driver.connection            : Opened connection [connectionId{localValue:1, serverValue:1}] to localhost:50040
2019-03-10 18:14:29.516  INFO 8276 --- [localhost:50040] org.mongodb.driver.cluster               : Monitor thread successfully connected to server with description ServerDescription{address=localhost:50040, type=STANDALONE, state=CONNECTED, ok=true, version=ServerVersion{versionList=[3, 5, 5]}, minWireVersion=0, maxWireVersion=5, maxDocumentSize=16777216, logicalSessionTimeoutMinutes=null, roundTripTimeNanos=1312886}
2019-03-10 18:14:29.517  INFO 8276 --- [localhost:50040] org.mongodb.driver.cluster               : Discovered cluster type of STANDALONE
2019-03-10 18:14:29.729  INFO 8276 --- [    Test worker] m.c.i.MongoPersistentEntityIndexResolver : Found cycle for field '_id' in type 'Movie' for path 'obj -> obj'
2019-03-10 18:14:29.732  INFO 8276 --- [    Test worker] m.c.i.MongoPersistentEntityIndexResolver : Found cycle for field 'obj' in type 'Movie' for path 'obj -> obj'
2019-03-10 18:14:30.410  INFO 8276 --- [    Test worker] o.s.s.concurrent.ThreadPoolTaskExecutor  : Initializing ExecutorService 'applicationTaskExecutor'
2019-03-10 18:14:30.691  INFO 8276 --- [    Test worker] r.b.i.t.b.service.MovieServiceTest       : Started MovieServiceTest in 5.518 seconds (JVM running for 7.634)
2019-03-10 18:14:30.789  INFO 8276 --- [       Thread-6] o.s.b.a.mongo.embedded.EmbeddedMongo     : 2019-03-10T18:14:30.790+0300 I NETWORK  [thread1] connection accepted from 127.0.0.1:50050 #2 (2 connections now open)
2019-03-10 18:14:30.790  INFO 8276 --- [       Thread-6] o.s.b.a.mongo.embedded.EmbeddedMongo     : 2019-03-10T18:14:30.790+0300 I NETWORK  [conn2] received client metadata from 127.0.0.1:50050 conn2: { driver: { name: "mongo-java-driver", version: "3.8.2" }, os: { type: "Windows", name: "Windows 10", architecture: "amd64", version: "10.0" }, platform: "Java/Oracle Corporation/11.0.2+9" }
2019-03-10 18:14:30.792  INFO 8276 --- [    Test worker] org.mongodb.driver.connection            : Opened connection [connectionId{localValue:2, serverValue:2}] to localhost:50040
2019-03-10 18:14:31.017  INFO 8276 --- [       Thread-6] o.s.b.a.mongo.embedded.EmbeddedMongo     : 2019-03-10T18:14:31.017+0300 I COMMAND  [conn2] command test.movies command: insert { insert: "movies", ordered: true, documents: [ { _id: ObjectId('5c8529d65dc6dc20546f5c4e'), _class: "ru.bmstu.iu7.topmovies.backend.domain.Movie" } ] } ninserted:1 keysInserted:1 numYields:0 reslen:44 locks:{ Global: { acquireCount: { r: 3, w: 3 } }, Database: { acquireCount: { w: 2, W: 1 } }, Collection: { acquireCount: { w: 2 } } } protocol:op_query 179ms
]]></system-out>
  <system-err><![CDATA[]]></system-err>
</testsuite>
